<?xml version="1.0" encoding="UTF-8"?>
<testsuite xmlns:xsi="http://www.w3.org/2001/XMLSchema-instance" xsi:noNamespaceSchemaLocation="https://maven.apache.org/surefire/maven-surefire-plugin/xsd/surefire-test-report.xsd" version="3.0.2" name="org.bot.animalsaitelegrambot.AnimalsAiTelegramBotApplicationTests" time="2.412" tests="1" errors="0" skipped="0" failures="0">
  <properties>
[...]
</properties>
  <testcase name="contextLoads" classname="org.bot.animalsaitelegrambot.AnimalsAiTelegramBotApplicationTests" time="0.408">
    <system-out><![CDATA[01:31:10.234 [main] INFO org.springframework.test.context.support.AnnotationConfigContextLoaderUtils -- Could not detect default configuration classes for test class [org.bot.animalsaitelegrambot.AnimalsAiTelegramBotApplicationTests]: AnimalsAiTelegramBotApplicationTests does not declare any static, non-private, non-final, nested classes annotated with @Configuration.
01:31:10.302 [main] INFO org.springframework.boot.test.context.SpringBootTestContextBootstrapper -- Found @SpringBootConfiguration org.bot.animalsaitelegrambot.AnimalsAiTelegramBotApplication for test class org.bot.animalsaitelegrambot.AnimalsAiTelegramBotApplicationTests

  .   ____          _            __ _ _
 /\\ / ___'_ __ _ _(_)_ __  __ _ \ \ \ \
( ( )\___ | '_ | '_| | '_ \/ _` | \ \ \ \
 \\/  ___)| |_)| | | | | || (_| |  ) ) ) )
  '  |____| .__|_| |_|_| |_\__, | / / / /
 =========|_|==============|___/=/_/_/_/

 :: Spring Boot ::                (v3.4.4)

2025-04-14T01:31:10.512+03:00  INFO 7335 --- [AnimalsAiTelegramBot] [           main] b.a.AnimalsAiTelegramBotApplicationTests : Starting AnimalsAiTelegramBotApplicationTests using Java 23.0.1 with PID 7335 (started by andrejadajkin in /Users/andrejadajkin/Desktop/AnimalsAiTelegramBot)
2025-04-14T01:31:10.513+03:00  INFO 7335 --- [AnimalsAiTelegramBot] [           main] b.a.AnimalsAiTelegramBotApplicationTests : No active profile set, falling back to 1 default profile: "default"
2025-04-14T01:31:11.083+03:00  INFO 7335 --- [AnimalsAiTelegramBot] [           main] o.s.v.b.OptionalValidatorFactoryBean     : Failed to set up a Bean Validation provider: jakarta.validation.NoProviderFoundException: Unable to create a Configuration, because no Jakarta Bean Validation provider could be found. Add a provider like Hibernate Validator (RI) to your classpath.
2025-04-14T01:31:11.201+03:00  INFO 7335 --- [AnimalsAiTelegramBot] [           main] b.a.AnimalsAiTelegramBotApplicationTests : Started AnimalsAiTelegramBotApplicationTests in 0.822 seconds (process running for 1.315)
Бот успешно запущен!
]]></system-out>
    <system-err><![CDATA[Mockito is currently self-attaching to enable the inline-mock-maker. This will no longer work in future releases of the JDK. Please add Mockito as an agent to your build what is described in Mockito's documentation: https://javadoc.io/doc/org.mockito/mockito-core/latest/org/mockito/Mockito.html#0.3
WARNING: A Java agent has been loaded dynamically (/Users/andrejadajkin/.m2/repository/net/bytebuddy/byte-buddy-agent/1.15.11/byte-buddy-agent-1.15.11.jar)
WARNING: If a serviceability tool is in use, please run with -XX:+EnableDynamicAgentLoading to hide this warning
WARNING: If a serviceability tool is not in use, please run with -Djdk.instrument.traceUsage for more information
WARNING: Dynamic loading of agents will be disallowed by default in a future release
]]></system-err>
  </testcase>
</testsuite>